<?xml version="1.0" encoding="UTF-8"?>
<!-- Generated by org.testng.reporters.JUnitReportReporter -->
<testsuite hostname="shah4corp" failures="0" tests="2" name="com.inetBanking.TestNG.TestNG_Parallel2" time="0.015" errors="0" timestamp="2023-07-02T13:52:23 IST" skipped="0">
  <testcase classname="com.inetBanking.TestNG.TestNG_Parallel2" name="testMethod2" time="0.002"/>
  <system-out/>
  <testcase classname="com.inetBanking.TestNG.TestNG_Parallel2" name="testMethod1" time="0.013"/>
  <system-out/>
</testsuite> <!-- com.inetBanking.TestNG.TestNG_Parallel2 -->
