<?xml version="1.0" encoding="UTF-8"?>
<!-- Generated by org.testng.reporters.JUnitReportReporter -->
<testsuite hostname="shah4corp" failures="0" tests="2" name="com.inetBanking.TestNG.TestNG_SeleniumPametersParallelExample" time="0.714" errors="0" timestamp="2023-07-02T19:24:44 IST" skipped="0">
  <testcase classname="com.inetBanking.TestNG.TestNG_SeleniumPametersParallelExample" name="testLogin" time="0.380"/>
  <system-out/>
  <testcase classname="com.inetBanking.TestNG.TestNG_SeleniumPametersParallelExample" name="testLogin" time="0.334"/>
  <system-out/>
</testsuite> <!-- com.inetBanking.TestNG.TestNG_SeleniumPametersParallelExample -->
