<?xml version="1.0" encoding="UTF-8"?>
<!-- Generated by org.testng.reporters.JUnitReportReporter -->
<testsuite hostname="shah4corp" failures="0" tests="1" name="com.inetBanking.testCases.testing" time="9.262" errors="0" timestamp="2023-08-03T13:11:50 IST" skipped="0">
  <testcase classname="com.inetBanking.testCases.testing" name="test" time="9.262"/>
  <system-out/>
</testsuite> <!-- com.inetBanking.testCases.testing -->
