<?xml version="1.0" encoding="UTF-8"?>
<!-- Generated by org.testng.reporters.JUnitReportReporter -->
<testsuite hostname="shah4corp" failures="0" tests="1" name="com.inetBanking.testCases.testing" time="5.190" errors="0" timestamp="2023-08-05T13:48:08 IST" skipped="0">
  <testcase classname="com.inetBanking.testCases.testing" name="test" time="5.190"/>
  <system-out/>
</testsuite> <!-- com.inetBanking.testCases.testing -->
