<?xml version="1.0" encoding="UTF-8"?>
<!-- Generated by org.testng.reporters.JUnitReportReporter -->
<testsuite hostname="shah4corp" failures="0" tests="1" name="com.inetbanking2.utilities.ReadConfig" time="0.030" errors="0" timestamp="2023-08-04T19:15:29 IST" skipped="0">
  <testcase classname="com.inetbanking2.utilities.ReadConfig" name="run" time="0.030"/>
  <system-out/>
</testsuite> <!-- com.inetbanking2.utilities.ReadConfig -->
