<?xml version="1.0" encoding="UTF-8"?>
<!-- Generated by org.testng.reporters.JUnitReportReporter -->
<testsuite hostname="shah4corp" failures="0" tests="1" name="com.inetBanking.testCases.TestNG_Parameters" time="0.006" errors="0" timestamp="2023-07-02T13:35:55 IST" skipped="0">
  <testcase classname="com.inetBanking.testCases.TestNG_Parameters" name="testMethod1" time="0.006"/>
  <system-out/>
</testsuite> <!-- com.inetBanking.testCases.TestNG_Parameters -->
