<?xml version="1.0" encoding="UTF-8"?>
<!-- Generated by org.testng.reporters.JUnitReportReporter -->
<testsuite hostname="shah4corp" failures="0" tests="2" name="com.inetBanking.TestNG.TestNG_Parallel1" time="20.045" errors="0" timestamp="2023-07-02T13:52:23 IST" skipped="0">
  <testcase classname="com.inetBanking.TestNG.TestNG_Parallel1" name="testMethod2" time="10.017"/>
  <system-out/>
  <testcase classname="com.inetBanking.TestNG.TestNG_Parallel1" name="testMethod1" time="10.028"/>
  <system-out/>
</testsuite> <!-- com.inetBanking.TestNG.TestNG_Parallel1 -->
